Removed Pin From Net: NetName=VCC Pin=C5-1
Removed Pin From Net: NetName=VCC Pin=C17-1
Removed Pin From Net: NetName=VCC Pin=C18-1
Removed Pin From Net: NetName=READ_CALIB Pin=C19-1
Removed Pin From Net: NetName=GND Pin=C19-2
Removed Pin From Net: NetName=GND Pin=ENC1-GND1
Removed Pin From Net: NetName=GND Pin=ENC1-GND2
Removed Pin From Net: NetName=calib Pin=J1-1
Removed Pin From Net: NetName=VCC Pin=J1-2
Removed Pin From Net: NetName=VCC Pin=R1-2
Removed Pin From Net: NetName=VCC Pin=R2-2
Removed Pin From Net: NetName=VCC Pin=R3-2
Removed Pin From Net: NetName=VCC Pin=R7-1
Removed Pin From Net: NetName=907 sensor Pin=R9-2
Removed Pin From Net: NetName=GND Pin=R14-1
Removed Pin From Net: NetName=calib Pin=R14-2
Removed Pin From Net: NetName=VCC Pin=RS-1
Removed Pin From Net: NetName=VCC Pin=SP1-1
Removed Pin From Net: NetName=VCC Pin=U1-6
Removed Pin From Net: NetName=GND Pin=VR1-1
Removed Pin From Net: NetName=READ_CALIB Pin=VR1-2
Removed Pin From Net: NetName=VCC Pin=VR1-3
Removed Member From Class: ClassName=TramHanSTM8 Member=J1
Removed Member From Class: ClassName=TramHanSTM8 Member=R14
Removed Member From Class: ClassName=TramHanSTM8 Member=VR1
Change Component Comment : Designator=R8 Old Comment=1k New Comment=10k
Change Component Comment : Designator=R10 Old Comment=47k New Comment=1k
Change Component Comment : Designator= Old Comment=330k New Comment=24k
Change Component Comment : Designator=IC1 Old Comment=LM78xx New Comment=LM7805 SOT89
Change Component Designator: OldDesignator= NewDesignator=R10
Change Component Designator: OldDesignator=C5 NewDesignator=C7
Change Component Designator: OldDesignator=C6 NewDesignator=C8
Change Component Designator: OldDesignator=C7 NewDesignator=C9
Change Component Designator: OldDesignator=C8 NewDesignator=C10
Change Component Designator: OldDesignator=C10 NewDesignator=C12
Change Component Designator: OldDesignator=C11 NewDesignator=C13
Change Component Designator: OldDesignator=C12 NewDesignator=C14
Change Component Designator: OldDesignator=C13 NewDesignator=C15
Change Component Designator: OldDesignator=C14 NewDesignator=C16
Change Component Designator: OldDesignator=C15 NewDesignator=C17
Change Component Designator: OldDesignator=C16 NewDesignator=C18
Change Component Designator: OldDesignator=C17 NewDesignator=C19
Change Component Designator: OldDesignator=C18 NewDesignator=C20
Change Component Designator: OldDesignator=R10 NewDesignator=R9
Change Component Designator: OldDesignator=R12 NewDesignator=R11
Change Component Designator: OldDesignator=R13 NewDesignator=R12
Change Component Designator: OldDesignator=RS NewDesignator=C11
Change Component Designator: OldDesignator=U1 NewDesignator=U2
Added Component: Designator=C5(SM-0805)
Add component. Clean all parameters for all variants
Add component (AddParameter): Name = "Value"; Value = "103"; VariantName = "[No Variations]"
Added Component: Designator=DIO2(DIO-SMD-106)
Add component. Clean all parameters for all variants
Add component (AddParameter): Name = "Code - JEDEC"; Value = "DO-214-AB"; VariantName = "[No Variations]"
Add component (AddParameter): Name = "Published"; Value = "8-Jun-2000"; VariantName = "[No Variations]"
Add component (AddParameter): Name = "Publisher"; Value = "Altium Limited"; VariantName = "[No Variations]"
Add component (AddParameter): Name = "Revision"; Value = "July-2002: Re-released for DXP Platform."; VariantName = "[No Variations]"
Add component (AddParameter): Name = "Value"; Value = "1N5007"; VariantName = "[No Variations]"
Added Component: Designator=U1(SOT 223)
Add component. Clean all parameters for all variants
Added Pin To Net: NetName=GND Pin=C5-1
Added Pin To Net: NetName=NetC5_2 Pin=DIO2-1
Added Pin To Net: NetName=907 sensor Pin=IC2-3
Added Pin To Net: NetName=GND Pin=U1-1
Added Pin To Net: NetName=VCC Pin=U1-3
Change Net Name : Old Net Name=NetC5_2 New Net Name=NetC7_2
Change Net Name : Old Net Name=NetC13_1 New Net Name=NetC15_1
Change Net Name : Old Net Name=NetC16_1 New Net Name=NetC18_1
Change Net Name : Old Net Name=NetR12_1 New Net Name=NetR11_1
Change Net Name : Old Net Name=NetR12_2 New Net Name=NetR11_2
Change Net Name : Old Net Name=NetR12_3 New Net Name=NetR11_3
Change Net Name : Old Net Name=NetR12_4 New Net Name=NetR11_4
Change Net Name : Old Net Name=NetR13_1 New Net Name=NetR12_1
Change Net Name : Old Net Name=NetR13_2 New Net Name=NetR12_2
Change Net Name : Old Net Name=NetR13_3 New Net Name=NetR12_3
Change Net Name : Old Net Name=NetR13_4 New Net Name=NetR12_4
Added Pin To Net: NetName=3V3 Pin=C5-2
Added Pin To Net: NetName=3V3 Pin=C7-1
Added Pin To Net: NetName=3V3 Pin=C11-1
Added Pin To Net: NetName=3V3 Pin=DIO2-2
Added Pin To Net: NetName=3V3 Pin=R1-2
Added Pin To Net: NetName=3V3 Pin=R2-2
Added Pin To Net: NetName=3V3 Pin=R3-2
Added Pin To Net: NetName=3V3 Pin=R7-1
Added Pin To Net: NetName=3V3 Pin=SP1-1
Added Pin To Net: NetName=3V3 Pin=U1-2
Added Net: Name=3V3
Added Pin To Net: NetName=NetC19_1 Pin=C19-1
Added Pin To Net: NetName=NetC19_1 Pin=C20-1
Added Pin To Net: NetName=NetC19_1 Pin=U2-6
Added Net: Name=NetC19_1
Added Member To Class: ClassName=TramHanSTM8 Member=Component C9 103
Added Member To Class: ClassName=TramHanSTM8 Member=Component C20 103
Added Member To Class: ClassName=TramHanSTM8 Member=Component DIO2 Diode SMD
Added Member To Class: ClassName=TramHanSTM8 Member=Component IC1 LM7805 SOT89
Added Member To Class: ClassName=TramHanSTM8 Member=Component JDC1 Jac DC
Added Member To Class: ClassName=TramHanSTM8 Member=Component U2 STM8S003K3
Added Room: Name=TramHanSTM8
