Removed Pin From Net: NetName=GND Pin=ENC1-GND1
Removed Pin From Net: NetName=GND Pin=ENC1-GND2
Removed Pin From Net: NetName=OK Pin=U1-32
Change Component Footprint: Designator=C1 Old Footprint=C 2917 New Footprint=C 1206
Added Component: Designator=C2(C 1206)
Add component. Clean all parameters for all variants
Add component (AddParameter): Name = "Value"; Value = "*uF"; VariantName = "[No Variations]"
Added Component: Designator=C15(SM-0805)
Add component. Clean all parameters for all variants
Add component (AddParameter): Name = "Value"; Value = "103"; VariantName = "[No Variations]"
Added Component: Designator=DIO2(DIO-SMD-106)
Add component. Clean all parameters for all variants
Add component (AddParameter): Name = "Code - JEDEC"; Value = "DO-214-AB"; VariantName = "[No Variations]"
Add component (AddParameter): Name = "Published"; Value = "8-Jun-2000"; VariantName = "[No Variations]"
Add component (AddParameter): Name = "Publisher"; Value = "Altium Limited"; VariantName = "[No Variations]"
Add component (AddParameter): Name = "Revision"; Value = "July-2002: Re-released for DXP Platform."; VariantName = "[No Variations]"
Add component (AddParameter): Name = "Value"; Value = "1N5007"; VariantName = "[No Variations]"
Added Pin To Net: NetName=VCC Pin=C2-1
Added Pin To Net: NetName=GND Pin=C2-2
Added Pin To Net: NetName=NetC13_1 Pin=C15-1
Added Pin To Net: NetName=GND Pin=C15-2
Added Pin To Net: NetName=NetC5_2 Pin=DIO2-1
Added Pin To Net: NetName=VCC Pin=DIO2-2
Added Member To Class: ClassName=TramHanSTM8 Member=Component C2 CAP
Added Member To Class: ClassName=TramHanSTM8 Member=Component C15 103
Added Member To Class: ClassName=TramHanSTM8 Member=Component DIO2 Diode SMD
Added Room: Name=TramHanSTM8
