Removed Pin From Net: NetName=24V Pin=C3-2
Removed Pin From Net: NetName=VCC Pin=C5-1
Removed Pin From Net: NetName=NetC5_2 Pin=C5-2
Removed Pin From Net: NetName=24V Pin=IC1-1
Removed Pin From Net: NetName=GND Pin=Q1-1
Removed Pin From Net: NetName=GND Pin=Q1-3
Removed Pin From Net: NetName=Netjack 1_2 Pin=Q1-5
Removed Pin From Net: NetName=Netjack 1_2 Pin=Q1-6
Removed Pin From Net: NetName=Netjack 1_2 Pin=Q1-7
Removed Pin From Net: NetName=Netjack 1_2 Pin=Q1-8
Removed Pin From Net: NetName=PWM Pin=R4-2
Change Component Footprint: Designator=Q1 Old Footprint=SO8 New Footprint=TO92-123
Change Component Comment : Designator=R1 Old Comment=1k New Comment=10k
Change Component Comment : Designator=R2 Old Comment=1k New Comment=10k
Change Component Comment : Designator=R3 Old Comment=1k New Comment=10k
Change Component Comment : Designator=R4 Old Comment=1k New Comment=22R
Change Component Comment : Designator=R6 Old Comment=10k New Comment=1k
Change Component Comment : Designator=Q1 Old Comment=IRF7303 New Comment=2N3904
Change Component Designator: OldDesignator=C5 NewDesignator=C6
Change Component Designator: OldDesignator=C6 NewDesignator=C9
Change Component Designator: OldDesignator=C7 NewDesignator=C10
Change Component Designator: OldDesignator=C8 NewDesignator=C11
Change Component Designator: OldDesignator=C9 NewDesignator=C12
Change Component Designator: OldDesignator=C10 NewDesignator=C13
Change Component Designator: OldDesignator=C11 NewDesignator=C14
Change Component Designator: OldDesignator=C12 NewDesignator=C15
Change Component Designator: OldDesignator=C13 NewDesignator=C16
Change Component Designator: OldDesignator=C14 NewDesignator=C17
Change Component Designator: OldDesignator=DIO1 NewDesignator=DIO2
Change Component Designator: OldDesignator=Q2 NewDesignator=Q4
Change component parameters: Designator = "Q1"; Footprint = "TO92-123"; UniqueID = "\DYGKDEAQ"
Change component parameters. Clean all parameters for all variants
Change component parameters (AddParameter): Name = ""; Value = "C2383"; VariantName = "[No Variations]"
Change component parameters (AddParameter): Name = "Value"; Value = "C1815"; VariantName = "[No Variations]"
Added Component: Designator=C5(SM-0805)
Add component. Clean all parameters for all variants
Add component (AddParameter): Name = "Value"; Value = "103"; VariantName = "[No Variations]"
Added Component: Designator=C7(SM-0805)
Add component. Clean all parameters for all variants
Add component (AddParameter): Name = "Value"; Value = "103"; VariantName = "[No Variations]"
Added Component: Designator=C8(SM-0805)
Add component. Clean all parameters for all variants
Add component (AddParameter): Name = "Value"; Value = "103"; VariantName = "[No Variations]"
Added Component: Designator=DIO1(DIO-SMD-106)
Add component. Clean all parameters for all variants
Add component (AddParameter): Name = "Code - JEDEC"; Value = "DO-214-AB"; VariantName = "[No Variations]"
Add component (AddParameter): Name = "Published"; Value = "8-Jun-2000"; VariantName = "[No Variations]"
Add component (AddParameter): Name = "Publisher"; Value = "Altium Limited"; VariantName = "[No Variations]"
Add component (AddParameter): Name = "Revision"; Value = "July-2002: Re-released for DXP Platform."; VariantName = "[No Variations]"
Add component (AddParameter): Name = "Value"; Value = "1N5007"; VariantName = "[No Variations]"
Added Component: Designator=Q2(TO220H1)
Add component. Clean all parameters for all variants
Add component (AddParameter): Name = "Value"; Value = "IRF840"; VariantName = "[No Variations]"
Added Component: Designator=Q3(SOT23-231)
Add component. Clean all parameters for all variants
Add component (AddParameter): Name = ""; Value = "A1013"; VariantName = "[No Variations]"
Add component (AddParameter): Name = "Value"; Value = "A1015"; VariantName = "[No Variations]"
Added Pin To Net: NetName=VCC Pin=C5-1
Added Pin To Net: NetName=NetC5_2 Pin=C5-2
Added Pin To Net: NetName=LEFT Pin=C6-1
Added Pin To Net: NetName=GND Pin=C6-2
Added Pin To Net: NetName=RIGHT Pin=C7-1
Added Pin To Net: NetName=GND Pin=C7-2
Added Pin To Net: NetName=OK Pin=C8-1
Added Pin To Net: NetName=GND Pin=C8-2
Added Pin To Net: NetName=24V Pin=DIO1-1
Added Pin To Net: NetName=PWM Pin=Q1-2
Added Pin To Net: NetName=VCC Pin=Q1-3
Added Pin To Net: NetName=Netjack 1_2 Pin=Q2-2
Added Pin To Net: NetName=GND Pin=Q2-3
Added Pin To Net: NetName=PWM Pin=Q3-2
Added Pin To Net: NetName=GND Pin=Q3-3
Added Pin To Net: NetName=PWM Pin=R6-2
Change Net Name : Old Net Name=NetC10_1 New Net Name=NetC13_1
Change Net Name : Old Net Name=NetC12_1 New Net Name=NetC15_1
Change Net Name : Old Net Name=NetQ2_1 New Net Name=NetQ4_1
Added Pin To Net: NetName=NetC3_2 Pin=C3-2
Added Pin To Net: NetName=NetC3_2 Pin=DIO1-2
Added Pin To Net: NetName=NetC3_2 Pin=IC1-1
Added Net: Name=NetC3_2
Added Pin To Net: NetName=NetQ1_1 Pin=Q1-1
Added Pin To Net: NetName=NetQ1_1 Pin=Q3-1
Added Pin To Net: NetName=NetQ1_1 Pin=R4-2
Added Net: Name=NetQ1_1
Added Pin To Net: NetName=NetQ2_1 Pin=Q2-1
Added Pin To Net: NetName=NetQ2_1 Pin=R4-1
Added Net: Name=NetQ2_1
Added Member To Class: ClassName=TramHanSTM8 Member=Component C15 103
Added Member To Class: ClassName=TramHanSTM8 Member=Component C16 103
Added Member To Class: ClassName=TramHanSTM8 Member=Component C17 103
Added Member To Class: ClassName=TramHanSTM8 Member=Component DIO2 Diode SMD
Added Member To Class: ClassName=TramHanSTM8 Member=Component Q3 2N3906
Added Member To Class: ClassName=TramHanSTM8 Member=Component Q4 C1815
Added Room: Name=TramHanSTM8
