Removed Pin From Net: NetName=GND Pin=ENC1-GND1
Removed Pin From Net: NetName=GND Pin=ENC1-GND2
Added Component: Designator=C2(C 2917)
Add component. Clean all parameters for all variants
Add component (AddParameter): Name = "Value"; Value = "*uF"; VariantName = "[No Variations]"
Added Component: Designator=DIO2(DIO-SMD-106)
Add component. Clean all parameters for all variants
Add component (AddParameter): Name = "Code - JEDEC"; Value = "DO-214-AB"; VariantName = "[No Variations]"
Add component (AddParameter): Name = "Published"; Value = "8-Jun-2000"; VariantName = "[No Variations]"
Add component (AddParameter): Name = "Publisher"; Value = "Altium Limited"; VariantName = "[No Variations]"
Add component (AddParameter): Name = "Revision"; Value = "July-2002: Re-released for DXP Platform."; VariantName = "[No Variations]"
Add component (AddParameter): Name = "Value"; Value = "1N5007"; VariantName = "[No Variations]"
Added Pin To Net: NetName=VCC Pin=C2-1
Added Pin To Net: NetName=GND Pin=C2-2
Added Pin To Net: NetName=NetC5_2 Pin=DIO2-1
Added Pin To Net: NetName=VCC Pin=DIO2-2
Added Pin To Net: NetName=OK Pin=U1-9
Added Member To Class: ClassName=TramHanSTM8 Member=Component C2 CAP
Added Member To Class: ClassName=TramHanSTM8 Member=Component C7 103
Added Member To Class: ClassName=TramHanSTM8 Member=Component C11 103
Added Member To Class: ClassName=TramHanSTM8 Member=Component DIO2 Diode SMD
Added Member To Class: ClassName=TramHanSTM8 Member=Component U1 STM8S003K3
Added Room: Name=TramHanSTM8
