Removed Pin From Net: NetName=GND Pin=ENC1-GND1
Removed Pin From Net: NetName=GND Pin=ENC1-GND2
Removed Pin From Net: NetName=3V3 Pin=U1-4
Change Component Comment : Designator=R7 Old Comment=1k New Comment=10k
Change Component Comment : Designator=C3 Old Comment=103 New Comment=104
Change Component Comment : Designator=C4 Old Comment=103 New Comment=104
Change Component Comment : Designator=C5 Old Comment=103 New Comment=104
Change Component Comment : Designator=C7 Old Comment=103 New Comment=104
Change Component Comment : Designator=C8 Old Comment=103 New Comment=104
Change Component Comment : Designator=C9 Old Comment=103 New Comment=104
Change Component Comment : Designator=C10 Old Comment=103 New Comment=104
Change Component Comment : Designator=C13 Old Comment=103 New Comment=104
Change Component Comment : Designator=C14 Old Comment=103 New Comment=104
Change Component Comment : Designator=C15 Old Comment=103 New Comment=104
Change Component Comment : Designator=C16 Old Comment=103 New Comment=104
Change Component Comment : Designator=C17 Old Comment=103 New Comment=104
Change Component Comment : Designator=C19 Old Comment=103 New Comment=104
Change Component Comment : Designator=C20 Old Comment=103 New Comment=104
Change Component Comment : Designator=C12 Old Comment=103 New Comment=106
Change Component Comment : Designator=C18 Old Comment=103 New Comment=106
Added Component: Designator=DIO2(DIO-SMD-106)
Add component. Clean all parameters for all variants
Add component (AddParameter): Name = "Code - JEDEC"; Value = "DO-214-AB"; VariantName = "[No Variations]"
Add component (AddParameter): Name = "Published"; Value = "8-Jun-2000"; VariantName = "[No Variations]"
Add component (AddParameter): Name = "Publisher"; Value = "Altium Limited"; VariantName = "[No Variations]"
Add component (AddParameter): Name = "Revision"; Value = "July-2002: Re-released for DXP Platform."; VariantName = "[No Variations]"
Add component (AddParameter): Name = "Value"; Value = "1N5007"; VariantName = "[No Variations]"
Added Component: Designator=R15(SM-RES-0805)
Add component. Clean all parameters for all variants
Add component (AddParameter): Name = "Value"; Value = "R1/4W - 1K"; VariantName = "[No Variations]"
Added Component: Designator=SB2(SB)
Add component. Clean all parameters for all variants
Added Component: Designator=SB(SB_3)
Add component. Clean all parameters for all variants
Added Pin To Net: NetName=NetC7_2 Pin=DIO2-1
Added Pin To Net: NetName=3V3 Pin=DIO2-2
Added Pin To Net: NetName=GND Pin=R15-1
Added Pin To Net: NetName=NetQ1_1 Pin=R15-2
Added Pin To Net: NetName=907 sensor Pin=SB2-1
Added Pin To Net: NetName=3V3 Pin=SB-1
Added Pin To Net: NetName=VCC Pin=SB-3
Added Pin To Net: NetName=NetSB2_2 Pin=SB2-2
Added Pin To Net: NetName=NetSB2_2 Pin=U2-15
Added Net: Name=NetSB2_2
Added Pin To Net: NetName=NetSB_2 Pin=SB-2
Added Pin To Net: NetName=NetSB_2 Pin=U2-14
Added Net: Name=NetSB_2
Added Member To Class: ClassName=TramHanSTM8 Member=Component DIO2 Diode SMD
Added Member To Class: ClassName=TramHanSTM8 Member=Component R15 10k
Added Member To Class: ClassName=TramHanSTM8 Member=Component SB2 SB
Added Member To Class: ClassName=TramHanSTM8 Member=Component SB 
Added Room: Name=TramHanSTM8
